<?xml version="1.0" encoding="UTF-8"?>
<coverage generated="1641662033590" clover="3.2.0">
  <project timestamp="1641662033590" name="All files">
    <metrics statements="58" coveredstatements="52" conditionals="44" coveredconditionals="35" methods="11" coveredmethods="11" elements="113" coveredelements="98" complexity="0" loc="58" ncloc="58" packages="2" files="3" classes="3"/>
    <package name="src">
      <metrics statements="22" coveredstatements="20" conditionals="13" coveredconditionals="8" methods="6" coveredmethods="6"/>
      <file name="module.ts" path="C:\Data\Projects\tada5hi\repositories\typescript-error\packages\core\src\module.ts">
        <metrics statements="22" coveredstatements="20" conditionals="13" coveredconditionals="8" methods="6" coveredmethods="6"/>
        <line num="2" count="2" type="stmt"/>
        <line num="4" count="2" type="stmt"/>
        <line num="13" count="6" type="stmt"/>
        <line num="14" count="6" type="stmt"/>
        <line num="16" count="6" type="stmt"/>
        <line num="18" count="6" type="cond" truecount="3" falsecount="0"/>
        <line num="19" count="6" type="stmt"/>
        <line num="27" count="6" type="cond" truecount="1" falsecount="1"/>
        <line num="28" count="6" type="stmt"/>
        <line num="29" count="0" type="cond" truecount="0" falsecount="3"/>
        <line num="30" count="0" type="stmt"/>
        <line num="33" count="6" type="stmt"/>
        <line num="34" count="6" type="stmt"/>
        <line num="40" count="1" type="stmt"/>
        <line num="44" count="5" type="stmt"/>
        <line num="50" count="6" type="cond" truecount="3" falsecount="1"/>
        <line num="52" count="6" type="stmt"/>
        <line num="53" count="6" type="stmt"/>
        <line num="54" count="4" type="stmt"/>
        <line num="59" count="6" type="stmt"/>
        <line num="63" count="1" type="cond" truecount="1" falsecount="0"/>
        <line num="64" count="1" type="stmt"/>
      </file>
    </package>
    <package name="src.utils">
      <metrics statements="36" coveredstatements="32" conditionals="31" coveredconditionals="27" methods="5" coveredmethods="5"/>
      <file name="error-options.ts" path="C:\Data\Projects\tada5hi\repositories\typescript-error\packages\core\src\utils\error-options.ts">
        <metrics statements="25" coveredstatements="23" conditionals="21" coveredconditionals="19" methods="4" coveredmethods="4"/>
        <line num="11" count="16" type="cond" truecount="3" falsecount="0"/>
        <line num="19" count="2" type="stmt"/>
        <line num="23" count="12" type="cond" truecount="1" falsecount="0"/>
        <line num="25" count="6" type="stmt"/>
        <line num="27" count="6" type="cond" truecount="3" falsecount="0"/>
        <line num="28" count="4" type="stmt"/>
        <line num="29" count="4" type="stmt"/>
        <line num="30" count="4" type="cond" truecount="1" falsecount="1"/>
        <line num="31" count="0" type="cond" truecount="0" falsecount="1"/>
        <line num="32" count="0" type="stmt"/>
        <line num="34" count="4" type="stmt"/>
        <line num="39" count="6" type="stmt"/>
        <line num="42" count="2" type="stmt"/>
        <line num="46" count="5" type="stmt"/>
        <line num="48" count="5" type="stmt"/>
        <line num="49" count="5" type="cond" truecount="1" falsecount="0"/>
        <line num="50" count="1" type="stmt"/>
        <line num="54" count="5" type="stmt"/>
        <line num="57" count="2" type="stmt"/>
        <line num="61" count="7" type="cond" truecount="4" falsecount="0"/>
        <line num="63" count="7" type="cond" truecount="1" falsecount="0"/>
        <line num="67" count="4" type="stmt"/>
        <line num="70" count="7" type="cond" truecount="1" falsecount="0"/>
        <line num="74" count="1" type="stmt"/>
        <line num="77" count="7" type="stmt"/>
      </file>
      <file name="message.ts" path="C:\Data\Projects\tada5hi\repositories\typescript-error\packages\core\src\utils\message.ts">
        <metrics statements="11" coveredstatements="9" conditionals="10" coveredconditionals="8" methods="1" coveredmethods="1"/>
        <line num="10" count="2" type="stmt"/>
        <line num="16" count="6" type="cond" truecount="1" falsecount="0"/>
        <line num="19" count="2" type="stmt"/>
        <line num="22" count="6" type="cond" truecount="1" falsecount="0"/>
        <line num="26" count="1" type="stmt"/>
        <line num="29" count="6" type="cond" truecount="1" falsecount="0"/>
        <line num="33" count="3" type="cond" truecount="1" falsecount="1"/>
        <line num="34" count="0" type="stmt"/>
        <line num="35" count="3" type="cond" truecount="0" falsecount="1"/>
        <line num="36" count="0" type="stmt"/>
        <line num="40" count="6" type="stmt"/>
      </file>
    </package>
  </project>
</coverage>
