<?xml version="1.0" encoding="UTF-8"?>
<coverage generated="1641663236948" clover="3.2.0">
  <project timestamp="1641663236949" name="All files">
    <metrics statements="61" coveredstatements="55" conditionals="44" coveredconditionals="35" methods="12" coveredmethods="12" elements="117" coveredelements="102" complexity="0" loc="61" ncloc="61" packages="2" files="4" classes="4"/>
    <package name="src">
      <metrics statements="22" coveredstatements="20" conditionals="13" coveredconditionals="8" methods="6" coveredmethods="6"/>
      <file name="module.ts" path="C:\Data\Projects\tada5hi\repositories\typescript-error\packages\core\src\module.ts">
        <metrics statements="22" coveredstatements="20" conditionals="13" coveredconditionals="8" methods="6" coveredmethods="6"/>
        <line num="2" count="3" type="stmt"/>
        <line num="4" count="3" type="stmt"/>
        <line num="13" count="7" type="stmt"/>
        <line num="14" count="7" type="stmt"/>
        <line num="16" count="7" type="stmt"/>
        <line num="18" count="7" type="cond" truecount="3" falsecount="0"/>
        <line num="19" count="7" type="stmt"/>
        <line num="27" count="7" type="cond" truecount="1" falsecount="1"/>
        <line num="28" count="7" type="stmt"/>
        <line num="29" count="0" type="cond" truecount="0" falsecount="3"/>
        <line num="30" count="0" type="stmt"/>
        <line num="33" count="7" type="stmt"/>
        <line num="34" count="7" type="stmt"/>
        <line num="40" count="1" type="stmt"/>
        <line num="44" count="5" type="stmt"/>
        <line num="50" count="7" type="cond" truecount="3" falsecount="1"/>
        <line num="52" count="7" type="stmt"/>
        <line num="53" count="7" type="stmt"/>
        <line num="54" count="4" type="stmt"/>
        <line num="59" count="6" type="stmt"/>
        <line num="63" count="1" type="cond" truecount="1" falsecount="0"/>
        <line num="64" count="1" type="stmt"/>
      </file>
    </package>
    <package name="src.utils">
      <metrics statements="39" coveredstatements="35" conditionals="31" coveredconditionals="27" methods="6" coveredmethods="6"/>
      <file name="error-options.ts" path="C:\Data\Projects\tada5hi\repositories\typescript-error\packages\core\src\utils\error-options.ts">
        <metrics statements="25" coveredstatements="23" conditionals="21" coveredconditionals="19" methods="4" coveredmethods="4"/>
        <line num="11" count="18" type="cond" truecount="3" falsecount="0"/>
        <line num="19" count="3" type="stmt"/>
        <line num="23" count="14" type="cond" truecount="1" falsecount="0"/>
        <line num="25" count="7" type="stmt"/>
        <line num="27" count="7" type="cond" truecount="3" falsecount="0"/>
        <line num="28" count="4" type="stmt"/>
        <line num="29" count="4" type="stmt"/>
        <line num="30" count="4" type="cond" truecount="1" falsecount="1"/>
        <line num="31" count="0" type="cond" truecount="0" falsecount="1"/>
        <line num="32" count="0" type="stmt"/>
        <line num="34" count="4" type="stmt"/>
        <line num="39" count="7" type="stmt"/>
        <line num="42" count="3" type="stmt"/>
        <line num="46" count="5" type="stmt"/>
        <line num="48" count="5" type="stmt"/>
        <line num="49" count="5" type="cond" truecount="1" falsecount="0"/>
        <line num="50" count="1" type="stmt"/>
        <line num="54" count="5" type="stmt"/>
        <line num="57" count="3" type="stmt"/>
        <line num="61" count="8" type="cond" truecount="4" falsecount="0"/>
        <line num="63" count="8" type="cond" truecount="1" falsecount="0"/>
        <line num="67" count="5" type="stmt"/>
        <line num="70" count="8" type="cond" truecount="1" falsecount="0"/>
        <line num="74" count="1" type="stmt"/>
        <line num="77" count="8" type="stmt"/>
      </file>
      <file name="extends.ts" path="C:\Data\Projects\tada5hi\repositories\typescript-error\packages\core\src\utils\extends.ts">
        <metrics statements="3" coveredstatements="3" conditionals="0" coveredconditionals="0" methods="1" coveredmethods="1"/>
        <line num="8" count="1" type="stmt"/>
        <line num="10" count="1" type="stmt"/>
        <line num="11" count="2" type="stmt"/>
      </file>
      <file name="message.ts" path="C:\Data\Projects\tada5hi\repositories\typescript-error\packages\core\src\utils\message.ts">
        <metrics statements="11" coveredstatements="9" conditionals="10" coveredconditionals="8" methods="1" coveredmethods="1"/>
        <line num="10" count="3" type="stmt"/>
        <line num="16" count="7" type="cond" truecount="1" falsecount="0"/>
        <line num="19" count="2" type="stmt"/>
        <line num="22" count="7" type="cond" truecount="1" falsecount="0"/>
        <line num="26" count="1" type="stmt"/>
        <line num="29" count="7" type="cond" truecount="1" falsecount="0"/>
        <line num="33" count="4" type="cond" truecount="1" falsecount="1"/>
        <line num="34" count="0" type="stmt"/>
        <line num="35" count="4" type="cond" truecount="0" falsecount="1"/>
        <line num="36" count="0" type="stmt"/>
        <line num="40" count="7" type="stmt"/>
      </file>
    </package>
  </project>
</coverage>
