{"C:\\Data\\Projects\\tada5hi\\repositories\\typescript-error\\packages\\core\\src\\module.ts": {"path":"C:\\Data\\Projects\\tada5hi\\repositories\\typescript-error\\packages\\core\\src\\module.ts","statementMap":{"0":{"start":{"line":2,"column":0},"end":{"line":2,"column":67}},"1":{"start":{"line":13,"column":8},"end":{"line":13,"column":51}},"2":{"start":{"line":14,"column":24},"end":{"line":14,"column":60}},"3":{"start":{"line":16,"column":8},"end":{"line":16,"column":23}},"4":{"start":{"line":18,"column":8},"end":{"line":25,"column":null}},"5":{"start":{"line":19,"column":12},"end":{"line":24,"column":15}},"6":{"start":{"line":27,"column":8},"end":{"line":31,"column":null}},"7":{"start":{"line":28,"column":12},"end":{"line":28,"column":60}},"8":{"start":{"line":29,"column":15},"end":{"line":31,"column":null}},"9":{"start":{"line":30,"column":12},"end":{"line":30,"column":50}},"10":{"start":{"line":33,"column":8},"end":{"line":33,"column":26}},"11":{"start":{"line":34,"column":8},"end":{"line":34,"column":33}},"12":{"start":{"line":40,"column":8},"end":{"line":40,"column":28}},"13":{"start":{"line":44,"column":8},"end":{"line":44,"column":33}},"14":{"start":{"line":50,"column":8},"end":{"line":50,"column":32}},"15":{"start":{"line":52,"column":21},"end":{"line":52,"column":41}},"16":{"start":{"line":53,"column":8},"end":{"line":55,"column":null}},"17":{"start":{"line":53,"column":21},"end":{"line":53,"column":22}},"18":{"start":{"line":54,"column":12},"end":{"line":54,"column":54}},"19":{"start":{"line":59,"column":8},"end":{"line":59,"column":54}},"20":{"start":{"line":63,"column":8},"end":{"line":65,"column":null}},"21":{"start":{"line":64,"column":12},"end":{"line":64,"column":37}},"22":{"start":{"line":4,"column":0},"end":{"line":4,"column":13}}},"fnMap":{"0":{"name":"(anonymous_0)","decl":{"start":{"line":9,"column":4},"end":{"line":9,"column":null}},"loc":{"start":{"line":11,"column":30},"end":{"line":35,"column":5}}},"1":{"name":"(anonymous_1)","decl":{"start":{"line":39,"column":11},"end":{"line":39,"column":21}},"loc":{"start":{"line":39,"column":21},"end":{"line":41,"column":5}}},"2":{"name":"(anonymous_2)","decl":{"start":{"line":43,"column":11},"end":{"line":43,"column":20}},"loc":{"start":{"line":43,"column":57},"end":{"line":45,"column":5}}},"3":{"name":"(anonymous_3)","decl":{"start":{"line":49,"column":4},"end":{"line":49,"column":14}},"loc":{"start":{"line":49,"column":37},"end":{"line":56,"column":5}}},"4":{"name":"(anonymous_4)","decl":{"start":{"line":58,"column":11},"end":{"line":58,"column":20}},"loc":{"start":{"line":58,"column":81},"end":{"line":60,"column":5}}},"5":{"name":"(anonymous_5)","decl":{"start":{"line":62,"column":11},"end":{"line":62,"column":22}},"loc":{"start":{"line":62,"column":59},"end":{"line":66,"column":5}}}},"branchMap":{"0":{"loc":{"start":{"line":18,"column":8},"end":{"line":25,"column":null}},"type":"if","locations":[{"start":{"line":18,"column":8},"end":{"line":25,"column":null}}]},"1":{"loc":{"start":{"line":18,"column":12},"end":{"line":18,"column":60}},"type":"binary-expr","locations":[{"start":{"line":18,"column":12},"end":{"line":18,"column":35}},{"start":{"line":18,"column":39},"end":{"line":18,"column":60}}]},"2":{"loc":{"start":{"line":27,"column":8},"end":{"line":31,"column":null}},"type":"if","locations":[{"start":{"line":27,"column":8},"end":{"line":31,"column":null}},{"start":{"line":29,"column":15},"end":{"line":31,"column":null}}]},"3":{"loc":{"start":{"line":29,"column":15},"end":{"line":31,"column":null}},"type":"if","locations":[{"start":{"line":29,"column":15},"end":{"line":31,"column":null}}]},"4":{"loc":{"start":{"line":29,"column":19},"end":{"line":29,"column":73}},"type":"binary-expr","locations":[{"start":{"line":29,"column":19},"end":{"line":29,"column":52}},{"start":{"line":29,"column":56},"end":{"line":29,"column":73}}]},"5":{"loc":{"start":{"line":50,"column":18},"end":{"line":50,"column":31}},"type":"cond-expr","locations":[{"start":{"line":50,"column":18},"end":{"line":50,"column":25}},{"start":{"line":50,"column":29},"end":{"line":50,"column":31}}]},"6":{"loc":{"start":{"line":50,"column":18},"end":{"line":50,"column":29}},"type":"binary-expr","locations":[{"start":{"line":50,"column":18},"end":{"line":50,"column":29}},{"start":{"line":50,"column":18},"end":{"line":50,"column":29}}]},"7":{"loc":{"start":{"line":63,"column":8},"end":{"line":65,"column":null}},"type":"if","locations":[{"start":{"line":63,"column":8},"end":{"line":65,"column":null}}]}},"s":{"0":2,"1":6,"2":6,"3":6,"4":6,"5":6,"6":6,"7":6,"8":0,"9":0,"10":6,"11":6,"12":1,"13":5,"14":6,"15":6,"16":6,"17":6,"18":4,"19":6,"20":1,"21":1,"22":2},"f":{"0":6,"1":1,"2":5,"3":6,"4":6,"5":1},"b":{"0":[6],"1":[6,6],"2":[6,0],"3":[0],"4":[0,0],"5":[6,0],"6":[6,6],"7":[1]}}
,"C:\\Data\\Projects\\tada5hi\\repositories\\typescript-error\\packages\\core\\src\\utils\\error-options.ts": {"path":"C:\\Data\\Projects\\tada5hi\\repositories\\typescript-error\\packages\\core\\src\\utils\\error-options.ts","statementMap":{"0":{"start":{"line":11,"column":4},"end":{"line":11,"column":70}},"1":{"start":{"line":23,"column":4},"end":{"line":23,"column":39}},"2":{"start":{"line":23,"column":25},"end":{"line":23,"column":39}},"3":{"start":{"line":25,"column":19},"end":{"line":25,"column":34}},"4":{"start":{"line":27,"column":4},"end":{"line":37,"column":null}},"5":{"start":{"line":28,"column":21},"end":{"line":28,"column":40}},"6":{"start":{"line":29,"column":8},"end":{"line":36,"column":null}},"7":{"start":{"line":29,"column":21},"end":{"line":29,"column":22}},"8":{"start":{"line":30,"column":12},"end":{"line":35,"column":null}},"9":{"start":{"line":31,"column":16},"end":{"line":31,"column":79}},"10":{"start":{"line":31,"column":38},"end":{"line":31,"column":79}},"11":{"start":{"line":32,"column":16},"end":{"line":32,"column":68}},"12":{"start":{"line":34,"column":16},"end":{"line":34,"column":70}},"13":{"start":{"line":39,"column":4},"end":{"line":39,"column":49}},"14":{"start":{"line":19,"column":0},"end":{"line":19,"column":16}},"15":{"start":{"line":46,"column":17},"end":{"line":46,"column":37}},"16":{"start":{"line":48,"column":4},"end":{"line":52,"column":null}},"17":{"start":{"line":48,"column":17},"end":{"line":48,"column":18}},"18":{"start":{"line":49,"column":8},"end":{"line":51,"column":null}},"19":{"start":{"line":50,"column":12},"end":{"line":50,"column":45}},"20":{"start":{"line":54,"column":4},"end":{"line":54,"column":16}},"21":{"start":{"line":42,"column":0},"end":{"line":42,"column":16}},"22":{"start":{"line":61,"column":4},"end":{"line":61,"column":19}},"23":{"start":{"line":63,"column":4},"end":{"line":68,"column":null}},"24":{"start":{"line":67,"column":8},"end":{"line":67,"column":51}},"25":{"start":{"line":70,"column":4},"end":{"line":75,"column":null}},"26":{"start":{"line":74,"column":8},"end":{"line":74,"column":32}},"27":{"start":{"line":77,"column":4},"end":{"line":77,"column":19}},"28":{"start":{"line":57,"column":0},"end":{"line":57,"column":16}}},"fnMap":{"0":{"name":"isObject","decl":{"start":{"line":10,"column":9},"end":{"line":10,"column":17}},"loc":{"start":{"line":10,"column":22},"end":{"line":12,"column":1}}},"1":{"name":"mergeErrorOptions","decl":{"start":{"line":19,"column":16},"end":{"line":19,"column":33}},"loc":{"start":{"line":21,"column":30},"end":{"line":40,"column":1}}},"2":{"name":"setUnsetErrorOptions","decl":{"start":{"line":42,"column":16},"end":{"line":42,"column":36}},"loc":{"start":{"line":44,"column":25},"end":{"line":55,"column":1}}},"3":{"name":"buildErrorOptions","decl":{"start":{"line":57,"column":16},"end":{"line":57,"column":33}},"loc":{"start":{"line":59,"column":26},"end":{"line":78,"column":1}}}},"branchMap":{"0":{"loc":{"start":{"line":11,"column":12},"end":{"line":11,"column":68}},"type":"binary-expr","locations":[{"start":{"line":11,"column":12},"end":{"line":11,"column":16}},{"start":{"line":11,"column":20},"end":{"line":11,"column":44}},{"start":{"line":11,"column":48},"end":{"line":11,"column":68}}]},"1":{"loc":{"start":{"line":23,"column":4},"end":{"line":23,"column":39}},"type":"if","locations":[{"start":{"line":23,"column":4},"end":{"line":23,"column":39}}]},"2":{"loc":{"start":{"line":27,"column":4},"end":{"line":37,"column":null}},"type":"if","locations":[{"start":{"line":27,"column":4},"end":{"line":37,"column":null}}]},"3":{"loc":{"start":{"line":27,"column":8},"end":{"line":27,"column":44}},"type":"binary-expr","locations":[{"start":{"line":27,"column":8},"end":{"line":27,"column":24}},{"start":{"line":27,"column":28},"end":{"line":27,"column":44}}]},"4":{"loc":{"start":{"line":30,"column":12},"end":{"line":35,"column":null}},"type":"if","locations":[{"start":{"line":30,"column":12},"end":{"line":35,"column":null}},{"start":{"line":33,"column":19},"end":{"line":35,"column":null}}]},"5":{"loc":{"start":{"line":31,"column":16},"end":{"line":31,"column":79}},"type":"if","locations":[{"start":{"line":31,"column":16},"end":{"line":31,"column":79}}]},"6":{"loc":{"start":{"line":49,"column":8},"end":{"line":51,"column":null}},"type":"if","locations":[{"start":{"line":49,"column":8},"end":{"line":51,"column":null}}]},"7":{"loc":{"start":{"line":61,"column":4},"end":{"line":61,"column":19}},"type":"cond-expr","locations":[{"start":{"line":61,"column":4},"end":{"line":61,"column":11}},{"start":{"line":61,"column":4},"end":{"line":61,"column":18}}]},"8":{"loc":{"start":{"line":61,"column":4},"end":{"line":61,"column":16}},"type":"binary-expr","locations":[{"start":{"line":61,"column":4},"end":{"line":61,"column":16}},{"start":{"line":61,"column":4},"end":{"line":61,"column":16}}]},"9":{"loc":{"start":{"line":63,"column":4},"end":{"line":68,"column":null}},"type":"if","locations":[{"start":{"line":63,"column":4},"end":{"line":68,"column":null}}]},"10":{"loc":{"start":{"line":64,"column":8},"end":{"line":65,"column":32}},"type":"binary-expr","locations":[{"start":{"line":64,"column":8},"end":{"line":64,"column":32}},{"start":{"line":65,"column":8},"end":{"line":65,"column":32}}]},"11":{"loc":{"start":{"line":70,"column":4},"end":{"line":75,"column":null}},"type":"if","locations":[{"start":{"line":70,"column":4},"end":{"line":75,"column":null}}]},"12":{"loc":{"start":{"line":71,"column":8},"end":{"line":72,"column":29}},"type":"binary-expr","locations":[{"start":{"line":71,"column":8},"end":{"line":71,"column":25}},{"start":{"line":72,"column":8},"end":{"line":72,"column":29}}]}},"s":{"0":16,"1":12,"2":6,"3":6,"4":6,"5":4,"6":4,"7":4,"8":4,"9":0,"10":0,"11":0,"12":4,"13":6,"14":2,"15":5,"16":5,"17":5,"18":5,"19":1,"20":5,"21":2,"22":7,"23":7,"24":4,"25":7,"26":1,"27":7,"28":2},"f":{"0":16,"1":12,"2":5,"3":7},"b":{"0":[16,14,10],"1":[6],"2":[4],"3":[6,6],"4":[0,4],"5":[0],"6":[1],"7":[2,5],"8":[7,7],"9":[4],"10":[7,6],"11":[1],"12":[7,7]}}
,"C:\\Data\\Projects\\tada5hi\\repositories\\typescript-error\\packages\\core\\src\\utils\\message.ts": {"path":"C:\\Data\\Projects\\tada5hi\\repositories\\typescript-error\\packages\\core\\src\\utils\\message.ts","statementMap":{"0":{"start":{"line":16,"column":4},"end":{"line":20,"column":null}},"1":{"start":{"line":19,"column":8},"end":{"line":19,"column":23}},"2":{"start":{"line":22,"column":4},"end":{"line":27,"column":null}},"3":{"start":{"line":26,"column":8},"end":{"line":26,"column":34}},"4":{"start":{"line":29,"column":4},"end":{"line":38,"column":null}},"5":{"start":{"line":33,"column":8},"end":{"line":37,"column":null}},"6":{"start":{"line":34,"column":12},"end":{"line":34,"column":35}},"7":{"start":{"line":35,"column":15},"end":{"line":37,"column":null}},"8":{"start":{"line":36,"column":12},"end":{"line":36,"column":47}},"9":{"start":{"line":40,"column":4},"end":{"line":40,"column":19}},"10":{"start":{"line":10,"column":0},"end":{"line":10,"column":16}}},"fnMap":{"0":{"name":"determineErrorMessage","decl":{"start":{"line":10,"column":16},"end":{"line":10,"column":37}},"loc":{"start":{"line":12,"column":25},"end":{"line":41,"column":1}}}},"branchMap":{"0":{"loc":{"start":{"line":16,"column":4},"end":{"line":20,"column":null}},"type":"if","locations":[{"start":{"line":16,"column":4},"end":{"line":20,"column":null}}]},"1":{"loc":{"start":{"line":22,"column":4},"end":{"line":27,"column":null}},"type":"if","locations":[{"start":{"line":22,"column":4},"end":{"line":27,"column":null}}]},"2":{"loc":{"start":{"line":23,"column":8},"end":{"line":24,"column":23}},"type":"binary-expr","locations":[{"start":{"line":23,"column":8},"end":{"line":23,"column":16}},{"start":{"line":24,"column":8},"end":{"line":24,"column":23}}]},"3":{"loc":{"start":{"line":29,"column":4},"end":{"line":38,"column":null}},"type":"if","locations":[{"start":{"line":29,"column":4},"end":{"line":38,"column":null}}]},"4":{"loc":{"start":{"line":30,"column":8},"end":{"line":31,"column":32}},"type":"binary-expr","locations":[{"start":{"line":30,"column":8},"end":{"line":30,"column":16}},{"start":{"line":31,"column":8},"end":{"line":31,"column":32}}]},"5":{"loc":{"start":{"line":33,"column":8},"end":{"line":37,"column":null}},"type":"if","locations":[{"start":{"line":33,"column":8},"end":{"line":37,"column":null}},{"start":{"line":35,"column":15},"end":{"line":37,"column":null}}]},"6":{"loc":{"start":{"line":35,"column":15},"end":{"line":37,"column":null}},"type":"if","locations":[{"start":{"line":35,"column":15},"end":{"line":37,"column":null}}]}},"s":{"0":6,"1":2,"2":6,"3":1,"4":6,"5":3,"6":0,"7":3,"8":0,"9":6,"10":2},"f":{"0":6},"b":{"0":[2],"1":[1],"2":[6,4],"3":[3],"4":[6,3],"5":[0,3],"6":[0]}}
}
