TN:
SF:src\module.ts
FN:9,(anonymous_0)
FN:39,(anonymous_1)
FN:43,(anonymous_2)
FN:49,(anonymous_3)
FN:58,(anonymous_4)
FN:62,(anonymous_5)
FNF:6
FNH:6
FNDA:7,(anonymous_0)
FNDA:1,(anonymous_1)
FNDA:5,(anonymous_2)
FNDA:7,(anonymous_3)
FNDA:6,(anonymous_4)
FNDA:1,(anonymous_5)
DA:2,3
DA:4,3
DA:13,7
DA:14,7
DA:16,7
DA:18,7
DA:19,7
DA:27,7
DA:28,7
DA:29,0
DA:30,0
DA:33,7
DA:34,7
DA:40,1
DA:44,5
DA:50,7
DA:52,7
DA:53,7
DA:54,4
DA:59,6
DA:63,1
DA:64,1
LF:22
LH:20
BRDA:18,0,0,7
BRDA:18,1,0,7
BRDA:18,1,1,7
BRDA:27,2,0,7
BRDA:27,2,1,0
BRDA:29,3,0,0
BRDA:29,4,0,0
BRDA:29,4,1,0
BRDA:50,5,0,7
BRDA:50,5,1,0
BRDA:50,6,0,7
BRDA:50,6,1,7
BRDA:63,7,0,1
BRF:13
BRH:8
end_of_record
TN:
SF:src\utils\error-options.ts
FN:10,isObject
FN:19,mergeErrorOptions
FN:42,setUnsetErrorOptions
FN:57,buildErrorOptions
FNF:4
FNH:4
FNDA:18,isObject
FNDA:14,mergeErrorOptions
FNDA:5,setUnsetErrorOptions
FNDA:8,buildErrorOptions
DA:11,18
DA:19,3
DA:23,14
DA:25,7
DA:27,7
DA:28,4
DA:29,4
DA:30,4
DA:31,0
DA:32,0
DA:34,4
DA:39,7
DA:42,3
DA:46,5
DA:48,5
DA:49,5
DA:50,1
DA:54,5
DA:57,3
DA:61,8
DA:63,8
DA:67,5
DA:70,8
DA:74,1
DA:77,8
LF:25
LH:23
BRDA:11,0,0,18
BRDA:11,0,1,15
BRDA:11,0,2,11
BRDA:23,1,0,7
BRDA:27,2,0,4
BRDA:27,3,0,7
BRDA:27,3,1,7
BRDA:30,4,0,0
BRDA:30,4,1,4
BRDA:31,5,0,0
BRDA:49,6,0,1
BRDA:61,7,0,2
BRDA:61,7,1,6
BRDA:61,8,0,8
BRDA:61,8,1,8
BRDA:63,9,0,5
BRDA:64,10,0,8
BRDA:64,10,1,7
BRDA:70,11,0,1
BRDA:71,12,0,8
BRDA:71,12,1,8
BRF:21
BRH:19
end_of_record
TN:
SF:src\utils\extends.ts
FN:10,extendsBaseError
FNF:1
FNH:1
FNDA:2,extendsBaseError
DA:8,1
DA:10,1
DA:11,2
LF:3
LH:3
BRF:0
BRH:0
end_of_record
TN:
SF:src\utils\message.ts
FN:10,determineErrorMessage
FNF:1
FNH:1
FNDA:7,determineErrorMessage
DA:10,3
DA:16,7
DA:19,2
DA:22,7
DA:26,1
DA:29,7
DA:33,4
DA:34,0
DA:35,4
DA:36,0
DA:40,7
LF:11
LH:9
BRDA:16,0,0,2
BRDA:22,1,0,1
BRDA:23,2,0,7
BRDA:23,2,1,5
BRDA:29,3,0,4
BRDA:30,4,0,7
BRDA:30,4,1,4
BRDA:33,5,0,0
BRDA:33,5,1,4
BRDA:35,6,0,0
BRF:10
BRH:8
end_of_record
